{"/home/travis/build/npmtest/node-npmtest-generator-express/test.js":{"path":"/home/travis/build/npmtest/node-npmtest-generator-express/test.js","s":{"1":2,"2":2,"3":2,"4":2,"5":2,"6":2,"7":2,"8":1,"9":2,"10":2,"11":1,"12":1,"13":1,"14":1,"15":2,"16":2,"17":2,"18":2,"19":1,"20":1,"21":2,"22":2,"23":2,"24":1,"25":1,"26":1,"27":1,"28":1,"29":1,"30":1,"31":1,"32":1,"33":1,"34":1,"35":1,"36":1,"37":1,"38":1,"39":2,"40":2,"41":1,"42":2,"43":2,"44":1,"45":2,"46":2,"47":1,"48":2,"49":2,"50":1,"51":1,"52":1,"53":1,"54":1},"b":{"1":[2,1,1,1],"2":[1,1,1,1],"3":[1,1],"4":[1,1],"5":[1,1],"6":[1,1],"7":[1,1],"8":[1,1],"9":[1,1],"10":[1,1,1],"11":[1,1],"12":[1,1],"13":[1,1],"14":[1,1],"15":[1,1],"16":[1,1],"17":[1,1]},"f":{"1":2,"2":2,"3":2,"4":2,"5":2,"6":1,"7":1,"8":1,"9":2,"10":2,"11":2,"12":2,"13":1},"fnMap":{"1":{"name":"(anonymous_1)","line":12,"loc":{"start":{"line":12,"column":1},"end":{"line":12,"column":13}}},"2":{"name":"(anonymous_2)","line":19,"loc":{"start":{"line":19,"column":5},"end":{"line":19,"column":17}}},"3":{"name":"(anonymous_3)","line":23,"loc":{"start":{"line":23,"column":24},"end":{"line":23,"column":36}}},"4":{"name":"(anonymous_4)","line":61,"loc":{"start":{"line":61,"column":5},"end":{"line":61,"column":17}}},"5":{"name":"(anonymous_5)","line":82,"loc":{"start":{"line":82,"column":5},"end":{"line":82,"column":17}}},"6":{"name":"(anonymous_6)","line":91,"loc":{"start":{"line":91,"column":77},"end":{"line":94,"column":10}}},"7":{"name":"(anonymous_7)","line":112,"loc":{"start":{"line":112,"column":83},"end":{"line":115,"column":10}},"skip":true},"8":{"name":"(anonymous_8)","line":123,"loc":{"start":{"line":123,"column":77},"end":{"line":126,"column":10}},"skip":true},"9":{"name":"(anonymous_9)","line":139,"loc":{"start":{"line":139,"column":12},"end":{"line":139,"column":40}},"skip":true},"10":{"name":"(anonymous_10)","line":147,"loc":{"start":{"line":147,"column":77},"end":{"line":150,"column":10}},"skip":true},"11":{"name":"(anonymous_11)","line":158,"loc":{"start":{"line":158,"column":83},"end":{"line":161,"column":10}},"skip":true},"12":{"name":"(anonymous_12)","line":169,"loc":{"start":{"line":169,"column":79},"end":{"line":172,"column":10}},"skip":true},"13":{"name":"(anonymous_13)","line":180,"loc":{"start":{"line":180,"column":75},"end":{"line":183,"column":10}},"skip":true}},"statementMap":{"1":{"start":{"line":12,"column":0},"end":{"line":195,"column":5}},"2":{"start":{"line":14,"column":4},"end":{"line":14,"column":14}},"3":{"start":{"line":19,"column":4},"end":{"line":56,"column":9}},"4":{"start":{"line":21,"column":8},"end":{"line":21,"column":19}},"5":{"start":{"line":23,"column":8},"end":{"line":35,"column":13}},"6":{"start":{"line":24,"column":12},"end":{"line":34,"column":13}},"7":{"start":{"line":25,"column":16},"end":{"line":28,"column":30}},"8":{"start":{"line":30,"column":16},"end":{"line":33,"column":27}},"9":{"start":{"line":37,"column":8},"end":{"line":39,"column":21}},"10":{"start":{"line":40,"column":8},"end":{"line":53,"column":9}},"11":{"start":{"line":43,"column":12},"end":{"line":46,"column":14}},"12":{"start":{"line":47,"column":12},"end":{"line":47,"column":18}},"13":{"start":{"line":50,"column":12},"end":{"line":51,"column":33}},"14":{"start":{"line":52,"column":12},"end":{"line":52,"column":18}},"15":{"start":{"line":55,"column":8},"end":{"line":55,"column":35}},"16":{"start":{"line":61,"column":4},"end":{"line":63,"column":9}},"17":{"start":{"line":62,"column":8},"end":{"line":62,"column":15}},"18":{"start":{"line":64,"column":4},"end":{"line":77,"column":5}},"19":{"start":{"line":70,"column":8},"end":{"line":70,"column":14}},"20":{"start":{"line":76,"column":8},"end":{"line":76,"column":14}},"21":{"start":{"line":82,"column":4},"end":{"line":84,"column":9}},"22":{"start":{"line":83,"column":8},"end":{"line":83,"column":15}},"23":{"start":{"line":85,"column":4},"end":{"line":194,"column":5}},"24":{"start":{"line":91,"column":8},"end":{"line":99,"column":10}},"25":{"start":{"line":98,"column":12},"end":{"line":98,"column":35}},"26":{"start":{"line":102,"column":8},"end":{"line":104,"column":63}},"27":{"start":{"line":105,"column":8},"end":{"line":105,"column":14}},"28":{"start":{"line":112,"column":8},"end":{"line":121,"column":10},"skip":true},"29":{"start":{"line":119,"column":12},"end":{"line":119,"column":55},"skip":true},"30":{"start":{"line":120,"column":12},"end":{"line":120,"column":48},"skip":true},"31":{"start":{"line":123,"column":8},"end":{"line":136,"column":10},"skip":true},"32":{"start":{"line":130,"column":12},"end":{"line":130,"column":76},"skip":true},"33":{"start":{"line":131,"column":12},"end":{"line":131,"column":73},"skip":true},"34":{"start":{"line":132,"column":12},"end":{"line":132,"column":74},"skip":true},"35":{"start":{"line":133,"column":12},"end":{"line":133,"column":79},"skip":true},"36":{"start":{"line":134,"column":12},"end":{"line":134,"column":25},"skip":true},"37":{"start":{"line":135,"column":12},"end":{"line":135,"column":45},"skip":true},"38":{"start":{"line":138,"column":8},"end":{"line":145,"column":14},"skip":true},"39":{"start":{"line":143,"column":16},"end":{"line":143,"column":29},"skip":true},"40":{"start":{"line":144,"column":16},"end":{"line":144,"column":55},"skip":true},"41":{"start":{"line":147,"column":8},"end":{"line":156,"column":10},"skip":true},"42":{"start":{"line":154,"column":12},"end":{"line":154,"column":25},"skip":true},"43":{"start":{"line":155,"column":12},"end":{"line":155,"column":45},"skip":true},"44":{"start":{"line":158,"column":8},"end":{"line":167,"column":10},"skip":true},"45":{"start":{"line":165,"column":12},"end":{"line":165,"column":25},"skip":true},"46":{"start":{"line":166,"column":12},"end":{"line":166,"column":48},"skip":true},"47":{"start":{"line":169,"column":8},"end":{"line":178,"column":10},"skip":true},"48":{"start":{"line":176,"column":12},"end":{"line":176,"column":25},"skip":true},"49":{"start":{"line":177,"column":12},"end":{"line":177,"column":46},"skip":true},"50":{"start":{"line":180,"column":8},"end":{"line":189,"column":10},"skip":true},"51":{"start":{"line":187,"column":12},"end":{"line":187,"column":94},"skip":true},"52":{"start":{"line":188,"column":12},"end":{"line":188,"column":48},"skip":true},"53":{"start":{"line":192,"column":8},"end":{"line":192,"column":35},"skip":true},"54":{"start":{"line":193,"column":8},"end":{"line":193,"column":14},"skip":true}},"branchMap":{"1":{"line":25,"type":"binary-expr","locations":[{"start":{"line":25,"column":23},"end":{"line":25,"column":62}},{"start":{"line":26,"column":20},"end":{"line":26,"column":70}},{"start":{"line":27,"column":20},"end":{"line":27,"column":71}},{"start":{"line":28,"column":20},"end":{"line":28,"column":29}}]},"2":{"line":30,"type":"binary-expr","locations":[{"start":{"line":30,"column":23},"end":{"line":30,"column":37}},{"start":{"line":31,"column":20},"end":{"line":31,"column":61}},{"start":{"line":32,"column":20},"end":{"line":32,"column":70}},{"start":{"line":33,"column":20},"end":{"line":33,"column":26}}]},"3":{"line":37,"type":"cond-expr","locations":[{"start":{"line":38,"column":14},"end":{"line":38,"column":20}},{"start":{"line":39,"column":14},"end":{"line":39,"column":20}}]},"4":{"line":40,"type":"switch","locations":[{"start":{"line":42,"column":8},"end":{"line":47,"column":18}},{"start":{"line":49,"column":8},"end":{"line":52,"column":18}}]},"5":{"line":44,"type":"binary-expr","locations":[{"start":{"line":44,"column":16},"end":{"line":44,"column":44}},{"start":{"line":44,"column":48},"end":{"line":44,"column":66}}]},"6":{"line":50,"type":"binary-expr","locations":[{"start":{"line":50,"column":21},"end":{"line":50,"column":49}},{"start":{"line":50,"column":53},"end":{"line":50,"column":72}}]},"7":{"line":64,"type":"switch","locations":[{"start":{"line":69,"column":4},"end":{"line":70,"column":14}},{"start":{"line":75,"column":4},"end":{"line":76,"column":14}}]},"8":{"line":85,"type":"switch","locations":[{"start":{"line":90,"column":4},"end":{"line":105,"column":14}},{"start":{"line":111,"column":4},"end":{"line":193,"column":14},"skip":true}]},"9":{"line":91,"type":"binary-expr","locations":[{"start":{"line":91,"column":42},"end":{"line":91,"column":73}},{"start":{"line":91,"column":77},"end":{"line":99,"column":9}}]},"10":{"line":102,"type":"binary-expr","locations":[{"start":{"line":102,"column":18},"end":{"line":102,"column":32}},{"start":{"line":103,"column":12},"end":{"line":103,"column":53}},{"start":{"line":104,"column":12},"end":{"line":104,"column":61}}]},"11":{"line":112,"type":"binary-expr","locations":[{"start":{"line":112,"column":45},"end":{"line":112,"column":79},"skip":true},{"start":{"line":112,"column":83},"end":{"line":121,"column":9},"skip":true}]},"12":{"line":123,"type":"binary-expr","locations":[{"start":{"line":123,"column":42},"end":{"line":123,"column":73},"skip":true},{"start":{"line":123,"column":77},"end":{"line":136,"column":9},"skip":true}]},"13":{"line":138,"type":"binary-expr","locations":[{"start":{"line":138,"column":48},"end":{"line":138,"column":85},"skip":true},{"start":{"line":139,"column":12},"end":{"line":145,"column":13},"skip":true}]},"14":{"line":147,"type":"binary-expr","locations":[{"start":{"line":147,"column":42},"end":{"line":147,"column":73},"skip":true},{"start":{"line":147,"column":77},"end":{"line":156,"column":9},"skip":true}]},"15":{"line":158,"type":"binary-expr","locations":[{"start":{"line":158,"column":45},"end":{"line":158,"column":79},"skip":true},{"start":{"line":158,"column":83},"end":{"line":167,"column":9},"skip":true}]},"16":{"line":169,"type":"binary-expr","locations":[{"start":{"line":169,"column":43},"end":{"line":169,"column":75},"skip":true},{"start":{"line":169,"column":79},"end":{"line":178,"column":9},"skip":true}]},"17":{"line":180,"type":"binary-expr","locations":[{"start":{"line":180,"column":41},"end":{"line":180,"column":71},"skip":true},{"start":{"line":180,"column":75},"end":{"line":189,"column":9},"skip":true}]}},"code":["/* istanbul instrument in package npmtest_generator_express */","/*jslint","    bitwise: true,","    browser: true,","    maxerr: 8,","    maxlen: 96,","    node: true,","    nomen: true,","    regexp: true,","    stupid: true","*/","(function () {","    'use strict';","    var local;","","","","    // run shared js-env code - init-before","    (function () {","        // init local","        local = {};","        // init modeJs","        local.modeJs = (function () {","            try {","                return typeof navigator.userAgent === 'string' &&","                    typeof document.querySelector('body') === 'object' &&","                    typeof XMLHttpRequest.prototype.open === 'function' &&","                    'browser';","            } catch (errorCaughtBrowser) {","                return module.exports &&","                    typeof process.versions.node === 'string' &&","                    typeof require('http').createServer === 'function' &&","                    'node';","            }","        }());","        // init global","        local.global = local.modeJs === 'browser'","            ? window","            : global;","        switch (local.modeJs) {","        // re-init local from window.local","        case 'browser':","            local = local.global.utility2.objectSetDefault(","                local.global.utility2_rollup || local.global.local,","                local.global.utility2","            );","            break;","        // re-init local from example.js","        case 'node':","            local = (local.global.utility2_rollup || require('utility2'))","                .requireReadme();","            break;","        }","        // export local","        local.global.local = local;","    }());","","","","    // run shared js-env code - function","    (function () {","        return;","    }());","    switch (local.modeJs) {","","","","    // run browser js-env code - function","    case 'browser':","        break;","","","","    // run node js-env code - function","    case 'node':","        break;","    }","","","","    // run shared js-env code - init-after","    (function () {","        return;","    }());","    switch (local.modeJs) {","","","","    // run browser js-env code - init-after","    case 'browser':","        local.testCase_browser_nullCase = local.testCase_browser_nullCase || function (","            options,","            onError","        ) {","        /*","         * this function will test browsers's null-case handling-behavior-behavior","         */","            onError(null, options);","        };","","        // run tests","        local.nop(local.modeTest &&","            document.querySelector('#testRunButton1') &&","            document.querySelector('#testRunButton1').click());","        break;","","","","    // run node js-env code - init-after","    /* istanbul ignore next */","    case 'node':","        local.testCase_buildApidoc_default = local.testCase_buildApidoc_default || function (","            options,","            onError","        ) {","        /*","         * this function will test buildApidoc's default handling-behavior-behavior","         */","            options = { modulePathList: module.paths };","            local.buildApidoc(options, onError);","        };","","        local.testCase_buildApp_default = local.testCase_buildApp_default || function (","            options,","            onError","        ) {","        /*","         * this function will test buildApp's default handling-behavior-behavior","         */","            local.testCase_buildReadme_default(options, local.onErrorThrow);","            local.testCase_buildLib_default(options, local.onErrorThrow);","            local.testCase_buildTest_default(options, local.onErrorThrow);","            local.testCase_buildCustomOrg_default(options, local.onErrorThrow);","            options = [];","            local.buildApp(options, onError);","        };","","        local.testCase_buildCustomOrg_default = local.testCase_buildCustomOrg_default ||","            function (options, onError) {","            /*","             * this function will test buildCustomOrg's default handling-behavior","             */","                options = {};","                local.buildCustomOrg(options, onError);","            };","","        local.testCase_buildLib_default = local.testCase_buildLib_default || function (","            options,","            onError","        ) {","        /*","         * this function will test buildLib's default handling-behavior","         */","            options = {};","            local.buildLib(options, onError);","        };","","        local.testCase_buildReadme_default = local.testCase_buildReadme_default || function (","            options,","            onError","        ) {","        /*","         * this function will test buildReadme's default handling-behavior-behavior","         */","            options = {};","            local.buildReadme(options, onError);","        };","","        local.testCase_buildTest_default = local.testCase_buildTest_default || function (","            options,","            onError","        ) {","        /*","         * this function will test buildTest's default handling-behavior","         */","            options = {};","            local.buildTest(options, onError);","        };","","        local.testCase_webpage_default = local.testCase_webpage_default || function (","            options,","            onError","        ) {","        /*","         * this function will test webpage's default handling-behavior","         */","            options = { modeCoverageMerge: true, url: local.serverLocalHost + '?modeTest=1' };","            local.browserTest(options, onError);","        };","","        // run test-server","        local.testRunServer(local);","        break;","    }","}());",""],"l":{"12":2,"14":2,"19":2,"21":2,"23":2,"24":2,"25":2,"30":1,"37":2,"40":2,"43":1,"47":1,"50":1,"52":1,"55":2,"61":2,"62":2,"64":2,"70":1,"76":1,"82":2,"83":2,"85":2,"91":1,"98":1,"102":1,"105":1,"112":1,"119":1,"120":1,"123":1,"130":1,"131":1,"132":1,"133":1,"134":1,"135":1,"138":1,"143":2,"144":2,"147":1,"154":2,"155":2,"158":1,"165":2,"166":2,"169":1,"176":2,"177":2,"180":1,"187":1,"188":1,"192":1,"193":1}},"/home/travis/build/npmtest/node-npmtest-generator-express/lib.npmtest_generator_express.js":{"path":"/home/travis/build/npmtest/node-npmtest-generator-express/lib.npmtest_generator_express.js","s":{"1":2,"2":2,"3":2,"4":2,"5":2,"6":2,"7":2,"8":1,"9":2,"10":2,"11":2,"12":2,"13":1,"14":1,"15":1,"16":1},"b":{"1":[2,1,1,1],"2":[1,1,1,1],"3":[1,1],"4":[2,2],"5":[1,1]},"f":{"1":2,"2":2,"3":2},"fnMap":{"1":{"name":"(anonymous_1)","line":12,"loc":{"start":{"line":12,"column":1},"end":{"line":12,"column":13}}},"2":{"name":"(anonymous_2)","line":19,"loc":{"start":{"line":19,"column":5},"end":{"line":19,"column":17}}},"3":{"name":"(anonymous_3)","line":23,"loc":{"start":{"line":23,"column":24},"end":{"line":23,"column":36}}}},"statementMap":{"1":{"start":{"line":12,"column":0},"end":{"line":53,"column":5}},"2":{"start":{"line":14,"column":4},"end":{"line":14,"column":14}},"3":{"start":{"line":19,"column":4},"end":{"line":52,"column":9}},"4":{"start":{"line":21,"column":8},"end":{"line":21,"column":19}},"5":{"start":{"line":23,"column":8},"end":{"line":35,"column":13}},"6":{"start":{"line":24,"column":12},"end":{"line":34,"column":13}},"7":{"start":{"line":25,"column":16},"end":{"line":28,"column":30}},"8":{"start":{"line":30,"column":16},"end":{"line":33,"column":27}},"9":{"start":{"line":37,"column":8},"end":{"line":39,"column":21}},"10":{"start":{"line":41,"column":8},"end":{"line":41,"column":54}},"11":{"start":{"line":43,"column":8},"end":{"line":43,"column":62}},"12":{"start":{"line":45,"column":8},"end":{"line":51,"column":9}},"13":{"start":{"line":46,"column":12},"end":{"line":46,"column":68}},"14":{"start":{"line":48,"column":12},"end":{"line":48,"column":35}},"15":{"start":{"line":49,"column":12},"end":{"line":49,"column":49}},"16":{"start":{"line":50,"column":12},"end":{"line":50,"column":43}}},"branchMap":{"1":{"line":25,"type":"binary-expr","locations":[{"start":{"line":25,"column":23},"end":{"line":25,"column":62}},{"start":{"line":26,"column":20},"end":{"line":26,"column":70}},{"start":{"line":27,"column":20},"end":{"line":27,"column":71}},{"start":{"line":28,"column":20},"end":{"line":28,"column":29}}]},"2":{"line":30,"type":"binary-expr","locations":[{"start":{"line":30,"column":23},"end":{"line":30,"column":37}},{"start":{"line":31,"column":20},"end":{"line":31,"column":61}},{"start":{"line":32,"column":20},"end":{"line":32,"column":70}},{"start":{"line":33,"column":20},"end":{"line":33,"column":26}}]},"3":{"line":37,"type":"cond-expr","locations":[{"start":{"line":38,"column":14},"end":{"line":38,"column":20}},{"start":{"line":39,"column":14},"end":{"line":39,"column":20}}]},"4":{"line":41,"type":"binary-expr","locations":[{"start":{"line":41,"column":16},"end":{"line":41,"column":44}},{"start":{"line":41,"column":48},"end":{"line":41,"column":53}}]},"5":{"line":45,"type":"if","locations":[{"start":{"line":45,"column":8},"end":{"line":45,"column":8}},{"start":{"line":45,"column":8},"end":{"line":45,"column":8}}]}},"code":["/* istanbul instrument in package npmtest_generator_express */","/*jslint","    bitwise: true,","    browser: true,","    maxerr: 8,","    maxlen: 96,","    node: true,","    nomen: true,","    regexp: true,","    stupid: true","*/","(function () {","    'use strict';","    var local;","","","","    // run shared js-env code - init-before","    (function () {","        // init local","        local = {};","        // init modeJs","        local.modeJs = (function () {","            try {","                return typeof navigator.userAgent === 'string' &&","                    typeof document.querySelector('body') === 'object' &&","                    typeof XMLHttpRequest.prototype.open === 'function' &&","                    'browser';","            } catch (errorCaughtBrowser) {","                return module.exports &&","                    typeof process.versions.node === 'string' &&","                    typeof require('http').createServer === 'function' &&","                    'node';","            }","        }());","        // init global","        local.global = local.modeJs === 'browser'","            ? window","            : global;","        // init utility2_rollup","        local = local.global.utility2_rollup || local;","        // init lib","        local.local = local.npmtest_generator_express = local;","        // init exports","        if (local.modeJs === 'browser') {","            local.global.utility2_npmtest_generator_express = local;","        } else {","            module.exports = local;","            module.exports.__dirname = __dirname;","            module.exports.module = module;","        }","    }());","}());",""],"l":{"12":2,"14":2,"19":2,"21":2,"23":2,"24":2,"25":2,"30":1,"37":2,"41":2,"43":2,"45":2,"46":1,"48":1,"49":1,"50":1}},"/home/travis/build/npmtest/node-npmtest-generator-express/example.js":{"path":"/home/travis/build/npmtest/node-npmtest-generator-express/example.js","s":{"1":2,"2":2,"3":2,"4":2,"5":2,"6":2,"7":2,"8":1,"9":2,"10":2,"11":2,"12":2,"13":1,"14":2,"15":2,"16":2,"17":2,"18":2,"19":0,"20":2,"21":1,"22":1,"23":1,"24":1,"25":1,"26":0,"27":0,"28":1,"29":1,"30":2,"31":0,"32":0,"33":0,"34":1,"35":2,"36":2,"37":3,"38":3,"39":3,"40":3,"41":0,"42":3,"43":3,"44":3,"45":1,"46":3,"47":1,"48":1,"49":1,"50":1,"51":1,"52":1,"53":1,"54":1,"55":1,"56":1,"57":0,"58":1,"59":6,"60":6,"61":1,"62":2,"63":0,"64":2,"65":1,"66":1,"67":0,"68":0,"69":0,"70":0,"71":0,"72":0,"73":0,"74":0,"75":0,"76":0,"77":0,"78":0,"79":0,"80":0,"81":0,"82":0,"83":0},"b":{"1":[2,1,1,1],"2":[1,1,1,1],"3":[1,1],"4":[2,2],"5":[1,1],"6":[1,1],"7":[2,0],"8":[2,1,1,1,1,1],"9":[0,2,0],"10":[1,1],"11":[2,1,1],"12":[1,0],"13":[0,2],"14":[2,0,0,0,0,0,0],"15":[0,3],"16":[3,0],"17":[1,1],"18":[0,1],"19":[1,2,0,2],"20":[1,0],"21":[1,1],"22":[0,0],"23":[0,0],"24":[0,0],"25":[0,0],"26":[0,0],"27":[0,0],"28":[0,0]},"f":{"1":2,"2":2,"3":2,"4":2,"5":2,"6":2,"7":3,"8":3,"9":3,"10":1,"11":6,"12":0},"fnMap":{"1":{"name":"(anonymous_1)","line":26,"loc":{"start":{"line":26,"column":1},"end":{"line":26,"column":13}}},"2":{"name":"(anonymous_2)","line":33,"loc":{"start":{"line":33,"column":5},"end":{"line":33,"column":17}}},"3":{"name":"(anonymous_3)","line":37,"loc":{"start":{"line":37,"column":24},"end":{"line":37,"column":36}}},"4":{"name":"(anonymous_4)","line":69,"loc":{"start":{"line":69,"column":31},"end":{"line":69,"column":48}},"skip":true},"5":{"name":"(anonymous_5)","line":78,"loc":{"start":{"line":78,"column":26},"end":{"line":78,"column":45}},"skip":true},"6":{"name":"(anonymous_6)","line":123,"loc":{"start":{"line":123,"column":33},"end":{"line":123,"column":48}},"skip":true},"7":{"name":"(anonymous_7)","line":125,"loc":{"start":{"line":125,"column":27},"end":{"line":125,"column":39}},"skip":true},"8":{"name":"(anonymous_8)","line":133,"loc":{"start":{"line":133,"column":59},"end":{"line":133,"column":74}},"skip":true},"9":{"name":"(anonymous_9)","line":143,"loc":{"start":{"line":143,"column":45},"end":{"line":143,"column":62}},"skip":true},"10":{"name":"(anonymous_10)","line":144,"loc":{"start":{"line":144,"column":73},"end":{"line":144,"column":92}},"skip":true},"11":{"name":"(anonymous_11)","line":272,"loc":{"start":{"line":272,"column":51},"end":{"line":272,"column":77}},"skip":true},"12":{"name":"(anonymous_12)","line":315,"loc":{"start":{"line":315,"column":32},"end":{"line":315,"column":61}},"skip":true}},"statementMap":{"1":{"start":{"line":26,"column":0},"end":{"line":326,"column":5}},"2":{"start":{"line":28,"column":4},"end":{"line":28,"column":14}},"3":{"start":{"line":33,"column":4},"end":{"line":60,"column":9}},"4":{"start":{"line":35,"column":8},"end":{"line":35,"column":19}},"5":{"start":{"line":37,"column":8},"end":{"line":49,"column":13}},"6":{"start":{"line":38,"column":12},"end":{"line":48,"column":13}},"7":{"start":{"line":39,"column":16},"end":{"line":42,"column":30}},"8":{"start":{"line":44,"column":16},"end":{"line":47,"column":27}},"9":{"start":{"line":51,"column":8},"end":{"line":53,"column":21}},"10":{"start":{"line":55,"column":8},"end":{"line":57,"column":45}},"11":{"start":{"line":59,"column":8},"end":{"line":59,"column":35}},"12":{"start":{"line":61,"column":4},"end":{"line":325,"column":5}},"13":{"start":{"line":69,"column":8},"end":{"line":121,"column":10},"skip":true},"14":{"start":{"line":70,"column":12},"end":{"line":88,"column":13},"skip":true},"15":{"start":{"line":76,"column":16},"end":{"line":87,"column":19},"skip":true},"16":{"start":{"line":79,"column":20},"end":{"line":86,"column":21},"skip":true},"17":{"start":{"line":82,"column":24},"end":{"line":82,"column":43},"skip":true},"18":{"start":{"line":83,"column":24},"end":{"line":83,"column":30},"skip":true},"19":{"start":{"line":85,"column":24},"end":{"line":85,"column":49},"skip":true},"20":{"start":{"line":89,"column":12},"end":{"line":107,"column":13},"skip":true},"21":{"start":{"line":92,"column":16},"end":{"line":102,"column":17},"skip":true},"22":{"start":{"line":93,"column":20},"end":{"line":93,"column":86},"skip":true},"23":{"start":{"line":94,"column":20},"end":{"line":95,"column":45},"skip":true},"24":{"start":{"line":96,"column":20},"end":{"line":96,"column":42},"skip":true},"25":{"start":{"line":97,"column":20},"end":{"line":97,"column":48},"skip":true},"26":{"start":{"line":100,"column":20},"end":{"line":100,"column":85},"skip":true},"27":{"start":{"line":101,"column":20},"end":{"line":101,"column":96},"skip":true},"28":{"start":{"line":103,"column":16},"end":{"line":103,"column":22},"skip":true},"29":{"start":{"line":106,"column":16},"end":{"line":106,"column":22},"skip":true},"30":{"start":{"line":108,"column":12},"end":{"line":120,"column":13},"skip":true},"31":{"start":{"line":114,"column":16},"end":{"line":119,"column":17},"skip":true},"32":{"start":{"line":116,"column":20},"end":{"line":116,"column":78},"skip":true},"33":{"start":{"line":118,"column":20},"end":{"line":118,"column":47},"skip":true},"34":{"start":{"line":123,"column":8},"end":{"line":141,"column":11},"skip":true},"35":{"start":{"line":124,"column":12},"end":{"line":124,"column":54},"skip":true},"36":{"start":{"line":125,"column":12},"end":{"line":140,"column":14},"skip":true},"37":{"start":{"line":126,"column":16},"end":{"line":126,"column":28},"skip":true},"38":{"start":{"line":127,"column":16},"end":{"line":127,"column":69},"skip":true},"39":{"start":{"line":128,"column":16},"end":{"line":128,"column":75},"skip":true},"40":{"start":{"line":129,"column":16},"end":{"line":131,"column":17},"skip":true},"41":{"start":{"line":130,"column":20},"end":{"line":130,"column":27},"skip":true},"42":{"start":{"line":133,"column":16},"end":{"line":137,"column":36},"skip":true},"43":{"start":{"line":134,"column":20},"end":{"line":136,"column":55},"skip":true},"44":{"start":{"line":139,"column":16},"end":{"line":139,"column":57},"skip":true},"45":{"start":{"line":143,"column":8},"end":{"line":147,"column":11},"skip":true},"46":{"start":{"line":144,"column":12},"end":{"line":146,"column":15},"skip":true},"47":{"start":{"line":145,"column":16},"end":{"line":145,"column":70},"skip":true},"48":{"start":{"line":149,"column":8},"end":{"line":149,"column":31},"skip":true},"49":{"start":{"line":150,"column":8},"end":{"line":150,"column":14},"skip":true},"50":{"start":{"line":158,"column":8},"end":{"line":158,"column":31},"skip":true},"51":{"start":{"line":160,"column":8},"end":{"line":160,"column":33},"skip":true},"52":{"start":{"line":161,"column":8},"end":{"line":161,"column":37},"skip":true},"53":{"start":{"line":162,"column":8},"end":{"line":162,"column":35},"skip":true},"54":{"start":{"line":164,"column":8},"end":{"line":164,"column":50},"skip":true},"55":{"start":{"line":166,"column":8},"end":{"line":256,"column":2},"skip":true},"56":{"start":{"line":258,"column":8},"end":{"line":286,"column":9},"skip":true},"57":{"start":{"line":259,"column":12},"end":{"line":269,"column":14},"skip":true},"58":{"start":{"line":271,"column":12},"end":{"line":285,"column":19},"skip":true},"59":{"start":{"line":274,"column":20},"end":{"line":274,"column":35},"skip":true},"60":{"start":{"line":275,"column":20},"end":{"line":284,"column":21},"skip":true},"61":{"start":{"line":277,"column":24},"end":{"line":277,"column":64},"skip":true},"62":{"start":{"line":279,"column":24},"end":{"line":279,"column":40},"skip":true},"63":{"start":{"line":281,"column":24},"end":{"line":281,"column":40},"skip":true},"64":{"start":{"line":283,"column":24},"end":{"line":283,"column":39},"skip":true},"65":{"start":{"line":288,"column":8},"end":{"line":290,"column":9},"skip":true},"66":{"start":{"line":289,"column":12},"end":{"line":289,"column":18},"skip":true},"67":{"start":{"line":291,"column":8},"end":{"line":293,"column":54},"skip":true},"68":{"start":{"line":296,"column":8},"end":{"line":301,"column":37},"skip":true},"69":{"start":{"line":303,"column":8},"end":{"line":303,"column":82},"skip":true},"70":{"start":{"line":306,"column":8},"end":{"line":308,"column":9},"skip":true},"71":{"start":{"line":307,"column":12},"end":{"line":307,"column":82},"skip":true},"72":{"start":{"line":310,"column":8},"end":{"line":312,"column":9},"skip":true},"73":{"start":{"line":311,"column":12},"end":{"line":311,"column":18},"skip":true},"74":{"start":{"line":313,"column":8},"end":{"line":313,"column":54},"skip":true},"75":{"start":{"line":314,"column":8},"end":{"line":314,"column":69},"skip":true},"76":{"start":{"line":315,"column":8},"end":{"line":323,"column":36},"skip":true},"77":{"start":{"line":316,"column":12},"end":{"line":316,"column":61},"skip":true},"78":{"start":{"line":317,"column":12},"end":{"line":320,"column":13},"skip":true},"79":{"start":{"line":318,"column":16},"end":{"line":318,"column":75},"skip":true},"80":{"start":{"line":319,"column":16},"end":{"line":319,"column":23},"skip":true},"81":{"start":{"line":321,"column":12},"end":{"line":321,"column":38},"skip":true},"82":{"start":{"line":322,"column":12},"end":{"line":322,"column":27},"skip":true},"83":{"start":{"line":324,"column":8},"end":{"line":324,"column":14},"skip":true}},"branchMap":{"1":{"line":39,"type":"binary-expr","locations":[{"start":{"line":39,"column":23},"end":{"line":39,"column":62}},{"start":{"line":40,"column":20},"end":{"line":40,"column":70}},{"start":{"line":41,"column":20},"end":{"line":41,"column":71}},{"start":{"line":42,"column":20},"end":{"line":42,"column":29}}]},"2":{"line":44,"type":"binary-expr","locations":[{"start":{"line":44,"column":23},"end":{"line":44,"column":37}},{"start":{"line":45,"column":20},"end":{"line":45,"column":61}},{"start":{"line":46,"column":20},"end":{"line":46,"column":70}},{"start":{"line":47,"column":20},"end":{"line":47,"column":26}}]},"3":{"line":51,"type":"cond-expr","locations":[{"start":{"line":52,"column":14},"end":{"line":52,"column":20}},{"start":{"line":53,"column":14},"end":{"line":53,"column":20}}]},"4":{"line":55,"type":"binary-expr","locations":[{"start":{"line":55,"column":16},"end":{"line":55,"column":44}},{"start":{"line":55,"column":49},"end":{"line":57,"column":43}}]},"5":{"line":55,"type":"cond-expr","locations":[{"start":{"line":56,"column":14},"end":{"line":56,"column":61}},{"start":{"line":57,"column":14},"end":{"line":57,"column":43}}]},"6":{"line":61,"type":"switch","locations":[{"start":{"line":68,"column":4},"end":{"line":150,"column":14},"skip":true},{"start":{"line":156,"column":4},"end":{"line":324,"column":14},"skip":true}]},"7":{"line":70,"type":"if","locations":[{"start":{"line":70,"column":12},"end":{"line":70,"column":12},"skip":true},{"start":{"line":70,"column":12},"end":{"line":70,"column":12},"skip":true}]},"8":{"line":70,"type":"binary-expr","locations":[{"start":{"line":70,"column":16},"end":{"line":70,"column":22},"skip":true},{"start":{"line":70,"column":27},"end":{"line":70,"column":32},"skip":true},{"start":{"line":71,"column":20},"end":{"line":71,"column":39},"skip":true},{"start":{"line":72,"column":20},"end":{"line":72,"column":49},"skip":true},{"start":{"line":73,"column":20},"end":{"line":73,"column":58},"skip":true},{"start":{"line":74,"column":20},"end":{"line":74,"column":69},"skip":true}]},"9":{"line":79,"type":"switch","locations":[{"start":{"line":80,"column":20},"end":{"line":80,"column":33},"skip":true},{"start":{"line":81,"column":20},"end":{"line":83,"column":30},"skip":true},{"start":{"line":84,"column":20},"end":{"line":85,"column":49},"skip":true}]},"10":{"line":89,"type":"switch","locations":[{"start":{"line":90,"column":12},"end":{"line":103,"column":22},"skip":true},{"start":{"line":105,"column":12},"end":{"line":106,"column":22},"skip":true}]},"11":{"line":89,"type":"binary-expr","locations":[{"start":{"line":89,"column":20},"end":{"line":89,"column":25},"skip":true},{"start":{"line":89,"column":29},"end":{"line":89,"column":48},"skip":true},{"start":{"line":89,"column":52},"end":{"line":89,"column":74},"skip":true}]},"12":{"line":92,"type":"if","locations":[{"start":{"line":92,"column":16},"end":{"line":92,"column":16},"skip":true},{"start":{"line":92,"column":16},"end":{"line":92,"column":16},"skip":true}]},"13":{"line":108,"type":"if","locations":[{"start":{"line":108,"column":12},"end":{"line":108,"column":12},"skip":true},{"start":{"line":108,"column":12},"end":{"line":108,"column":12},"skip":true}]},"14":{"line":108,"type":"binary-expr","locations":[{"start":{"line":108,"column":16},"end":{"line":108,"column":61},"skip":true},{"start":{"line":108,"column":66},"end":{"line":108,"column":72},"skip":true},{"start":{"line":108,"column":77},"end":{"line":108,"column":82},"skip":true},{"start":{"line":109,"column":20},"end":{"line":109,"column":39},"skip":true},{"start":{"line":110,"column":20},"end":{"line":110,"column":49},"skip":true},{"start":{"line":111,"column":20},"end":{"line":111,"column":58},"skip":true},{"start":{"line":112,"column":20},"end":{"line":112,"column":68},"skip":true}]},"15":{"line":129,"type":"if","locations":[{"start":{"line":129,"column":16},"end":{"line":129,"column":16},"skip":true},{"start":{"line":129,"column":16},"end":{"line":129,"column":16},"skip":true}]},"16":{"line":134,"type":"cond-expr","locations":[{"start":{"line":135,"column":26},"end":{"line":135,"column":29},"skip":true},{"start":{"line":136,"column":26},"end":{"line":136,"column":54},"skip":true}]},"17":{"line":164,"type":"binary-expr","locations":[{"start":{"line":164,"column":27},"end":{"line":164,"column":43},"skip":true},{"start":{"line":164,"column":47},"end":{"line":164,"column":49},"skip":true}]},"18":{"line":258,"type":"if","locations":[{"start":{"line":258,"column":8},"end":{"line":258,"column":8},"skip":true},{"start":{"line":258,"column":8},"end":{"line":258,"column":8},"skip":true}]},"19":{"line":275,"type":"switch","locations":[{"start":{"line":276,"column":20},"end":{"line":277,"column":64},"skip":true},{"start":{"line":278,"column":20},"end":{"line":279,"column":40},"skip":true},{"start":{"line":280,"column":20},"end":{"line":281,"column":40},"skip":true},{"start":{"line":282,"column":20},"end":{"line":283,"column":39},"skip":true}]},"20":{"line":288,"type":"if","locations":[{"start":{"line":288,"column":8},"end":{"line":288,"column":8},"skip":true},{"start":{"line":288,"column":8},"end":{"line":288,"column":8},"skip":true}]},"21":{"line":288,"type":"binary-expr","locations":[{"start":{"line":288,"column":12},"end":{"line":288,"column":40},"skip":true},{"start":{"line":288,"column":44},"end":{"line":288,"column":67},"skip":true}]},"22":{"line":292,"type":"binary-expr","locations":[{"start":{"line":292,"column":12},"end":{"line":292,"column":50},"skip":true},{"start":{"line":293,"column":12},"end":{"line":293,"column":53},"skip":true}]},"23":{"line":297,"type":"binary-expr","locations":[{"start":{"line":297,"column":12},"end":{"line":297,"column":75},"skip":true},{"start":{"line":298,"column":12},"end":{"line":301,"column":36},"skip":true}]},"24":{"line":303,"type":"binary-expr","locations":[{"start":{"line":303,"column":43},"end":{"line":303,"column":75},"skip":true},{"start":{"line":303,"column":79},"end":{"line":303,"column":81},"skip":true}]},"25":{"line":306,"type":"if","locations":[{"start":{"line":306,"column":8},"end":{"line":306,"column":8},"skip":true},{"start":{"line":306,"column":8},"end":{"line":306,"column":8},"skip":true}]},"26":{"line":310,"type":"if","locations":[{"start":{"line":310,"column":8},"end":{"line":310,"column":8},"skip":true},{"start":{"line":310,"column":8},"end":{"line":310,"column":8},"skip":true}]},"27":{"line":313,"type":"binary-expr","locations":[{"start":{"line":313,"column":27},"end":{"line":313,"column":43},"skip":true},{"start":{"line":313,"column":47},"end":{"line":313,"column":53},"skip":true}]},"28":{"line":317,"type":"if","locations":[{"start":{"line":317,"column":12},"end":{"line":317,"column":12},"skip":true},{"start":{"line":317,"column":12},"end":{"line":317,"column":12},"skip":true}]}},"code":["/*","example.js","","quickstart example","","instruction","    1. save this script as example.js","    2. run the shell command:","        $ npm install npmtest-generator-express && PORT=8081 node example.js","    3. play with the browser-demo on http://127.0.0.1:8081","*/","","","","/* istanbul instrument in package npmtest_generator_express */","/*jslint","    bitwise: true,","    browser: true,","    maxerr: 8,","    maxlen: 96,","    node: true,","    nomen: true,","    regexp: true,","    stupid: true","*/","(function () {","    'use strict';","    var local;","","","","    // run shared js-env code - init-before","    (function () {","        // init local","        local = {};","        // init modeJs","        local.modeJs = (function () {","            try {","                return typeof navigator.userAgent === 'string' &&","                    typeof document.querySelector('body') === 'object' &&","                    typeof XMLHttpRequest.prototype.open === 'function' &&","                    'browser';","            } catch (errorCaughtBrowser) {","                return module.exports &&","                    typeof process.versions.node === 'string' &&","                    typeof require('http').createServer === 'function' &&","                    'node';","            }","        }());","        // init global","        local.global = local.modeJs === 'browser'","            ? window","            : global;","        // init utility2_rollup","        local = local.global.utility2_rollup || (local.modeJs === 'browser'","            ? local.global.utility2_npmtest_generator_express","            : global.utility2_moduleExports);","        // export local","        local.global.local = local;","    }());","    switch (local.modeJs) {","","","","    // init-after","    // run browser js-env code - init-after","    /* istanbul ignore next */","    case 'browser':","        local.testRunBrowser = function (event) {","            if (!event || (event &&","                    event.currentTarget &&","                    event.currentTarget.className &&","                    event.currentTarget.className.includes &&","                    event.currentTarget.className.includes('onreset'))) {","                // reset output","                Array.from(","                    document.querySelectorAll('body > .resettable')","                ).forEach(function (element) {","                    switch (element.tagName) {","                    case 'INPUT':","                    case 'TEXTAREA':","                        element.value = '';","                        break;","                    default:","                        element.textContent = '';","                    }","                });","            }","            switch (event && event.currentTarget && event.currentTarget.id) {","            case 'testRunButton1':","                // show tests","                if (document.querySelector('#testReportDiv1').style.display === 'none') {","                    document.querySelector('#testReportDiv1').style.display = 'block';","                    document.querySelector('#testRunButton1').textContent =","                        'hide internal test';","                    local.modeTest = true;","                    local.testRunDefault(local);","                // hide tests","                } else {","                    document.querySelector('#testReportDiv1').style.display = 'none';","                    document.querySelector('#testRunButton1').textContent = 'run internal test';","                }","                break;","            // custom-case","            default:","                break;","            }","            if (document.querySelector('#inputTextareaEval1') && (!event || (event &&","                    event.currentTarget &&","                    event.currentTarget.className &&","                    event.currentTarget.className.includes &&","                    event.currentTarget.className.includes('oneval')))) {","                // try to eval input-code","                try {","                    /*jslint evil: true*/","                    eval(document.querySelector('#inputTextareaEval1').value);","                } catch (errorCaught) {","                    console.error(errorCaught);","                }","            }","        };","        // log stderr and stdout to #outputTextareaStdout1","        ['error', 'log'].forEach(function (key) {","            console[key + '_original'] = console[key];","            console[key] = function () {","                var element;","                console[key + '_original'].apply(console, arguments);","                element = document.querySelector('#outputTextareaStdout1');","                if (!element) {","                    return;","                }","                // append text to #outputTextareaStdout1","                element.value += Array.from(arguments).map(function (arg) {","                    return typeof arg === 'string'","                        ? arg","                        : JSON.stringify(arg, null, 4);","                }).join(' ') + '\\n';","                // scroll textarea to bottom","                element.scrollTop = element.scrollHeight;","            };","        });","        // init event-handling","        ['change', 'click', 'keyup'].forEach(function (event) {","            Array.from(document.querySelectorAll('.on' + event)).forEach(function (element) {","                element.addEventListener(event, local.testRunBrowser);","            });","        });","        // run tests","        local.testRunBrowser();","        break;","","","","    // run node js-env code - init-after","    /* istanbul ignore next */","    case 'node':","        // export local","        module.exports = local;","        // require modules","        local.fs = require('fs');","        local.http = require('http');","        local.url = require('url');","        // init assets","        local.assetsDict = local.assetsDict || {};","        /* jslint-ignore-begin */","        local.assetsDict['/assets.index.template.html'] = '\\","<!doctype html>\\n\\","<html lang=\"en\">\\n\\","<head>\\n\\","<meta charset=\"UTF-8\">\\n\\","<meta name=\"viewport\" content=\"width=device-width, initial-scale=1\">\\n\\","<title>{{env.npm_package_name}} (v{{env.npm_package_version}})</title>\\n\\","<style>\\n\\","/*csslint\\n\\","    box-sizing: false,\\n\\","    universal-selector: false\\n\\","*/\\n\\","* {\\n\\","    box-sizing: border-box;\\n\\","}\\n\\","body {\\n\\","    background: #dde;\\n\\","    font-family: Arial, Helvetica, sans-serif;\\n\\","    margin: 2rem;\\n\\","}\\n\\","body > * {\\n\\","    margin-bottom: 1rem;\\n\\","}\\n\\",".utility2FooterDiv {\\n\\","    margin-top: 20px;\\n\\","    text-align: center;\\n\\","}\\n\\","</style>\\n\\","<style>\\n\\","/*csslint\\n\\","*/\\n\\","textarea {\\n\\","    font-family: monospace;\\n\\","    height: 10rem;\\n\\","    width: 100%;\\n\\","}\\n\\","textarea[readonly] {\\n\\","    background: #ddd;\\n\\","}\\n\\","</style>\\n\\","</head>\\n\\","<body>\\n\\","<!-- utility2-comment\\n\\","<div id=\"ajaxProgressDiv1\" style=\"background: #d00; height: 2px; left: 0; margin: 0; padding: 0; position: fixed; top: 0; transition: background 0.5s, width 1.5s; width: 25%;\"></div>\\n\\","utility2-comment -->\\n\\","<h1>\\n\\","<!-- utility2-comment\\n\\","    <a\\n\\","        {{#if env.npm_package_homepage}}\\n\\","        href=\"{{env.npm_package_homepage}}\"\\n\\","        {{/if env.npm_package_homepage}}\\n\\","        target=\"_blank\"\\n\\","    >\\n\\","utility2-comment -->\\n\\","        {{env.npm_package_name}} (v{{env.npm_package_version}})\\n\\","<!-- utility2-comment\\n\\","    </a>\\n\\","utility2-comment -->\\n\\","</h1>\\n\\","<h3>{{env.npm_package_description}}</h3>\\n\\","<!-- utility2-comment\\n\\","<h4><a download href=\"assets.app.js\">download standalone app</a></h4>\\n\\","<button class=\"onclick onreset\" id=\"testRunButton1\">run internal test</button><br>\\n\\","<div id=\"testReportDiv1\" style=\"display: none;\"></div>\\n\\","utility2-comment -->\\n\\","\\n\\","\\n\\","\\n\\","<label>stderr and stdout</label>\\n\\","<textarea class=\"resettable\" id=\"outputTextareaStdout1\" readonly></textarea>\\n\\","<!-- utility2-comment\\n\\","{{#if isRollup}}\\n\\","<script src=\"assets.app.js\"></script>\\n\\","{{#unless isRollup}}\\n\\","utility2-comment -->\\n\\","<script src=\"assets.utility2.rollup.js\"></script>\\n\\","<script src=\"jsonp.utility2._stateInit?callback=window.utility2._stateInit\"></script>\\n\\","<script src=\"assets.npmtest_generator_express.rollup.js\"></script>\\n\\","<script src=\"assets.example.js\"></script>\\n\\","<script src=\"assets.test.js\"></script>\\n\\","<!-- utility2-comment\\n\\","{{/if isRollup}}\\n\\","utility2-comment -->\\n\\","<div class=\"utility2FooterDiv\">\\n\\","    [ this app was created with\\n\\","    <a href=\"https://github.com/kaizhu256/node-utility2\" target=\"_blank\">utility2</a>\\n\\","    ]\\n\\","</div>\\n\\","</body>\\n\\","</html>\\n\\","';","        /* jslint-ignore-end */","        if (local.templateRender) {","            local.assetsDict['/'] = local.templateRender(","                local.assetsDict['/assets.index.template.html'],","                {","                    env: local.objectSetDefault(local.env, {","                        npm_package_description: 'the greatest app in the world!',","                        npm_package_name: 'my-app',","                        npm_package_nameAlias: 'my_app',","                        npm_package_version: '0.0.1'","                    })","                }","            );","        } else {","            local.assetsDict['/'] = local.assetsDict['/assets.index.template.html']","                .replace((/\\{\\{env\\.(\\w+?)\\}\\}/g), function (match0, match1) {","                    // jslint-hack","                    String(match0);","                    switch (match1) {","                    case 'npm_package_description':","                        return 'the greatest app in the world!';","                    case 'npm_package_name':","                        return 'my-app';","                    case 'npm_package_nameAlias':","                        return 'my_app';","                    case 'npm_package_version':","                        return '0.0.1';","                    }","                });","        }","        // run the cli","        if (local.global.utility2_rollup || module !== require.main) {","            break;","        }","        local.assetsDict['/assets.example.js'] =","            local.assetsDict['/assets.example.js'] ||","            local.fs.readFileSync(__filename, 'utf8');","        // bug-workaround - long $npm_package_buildCustomOrg","        /* jslint-ignore-begin */","        local.assetsDict['/assets.npmtest_generator_express.rollup.js'] =","            local.assetsDict['/assets.npmtest_generator_express.rollup.js'] ||","            local.fs.readFileSync(","                local.npmtest_generator_express.__dirname + '/lib.npmtest_generator_express.js',","                'utf8'","            ).replace((/^#!/), '//');","        /* jslint-ignore-end */","        local.assetsDict['/favicon.ico'] = local.assetsDict['/favicon.ico'] || '';","        // if $npm_config_timeout_exit exists,","        // then exit this process after $npm_config_timeout_exit ms","        if (Number(process.env.npm_config_timeout_exit)) {","            setTimeout(process.exit, Number(process.env.npm_config_timeout_exit));","        }","        // start server","        if (local.global.utility2_serverHttp1) {","            break;","        }","        process.env.PORT = process.env.PORT || '8081';","        console.error('server starting on port ' + process.env.PORT);","        local.http.createServer(function (request, response) {","            request.urlParsed = local.url.parse(request.url);","            if (local.assetsDict[request.urlParsed.pathname] !== undefined) {","                response.end(local.assetsDict[request.urlParsed.pathname]);","                return;","            }","            response.statusCode = 404;","            response.end();","        }).listen(process.env.PORT);","        break;","    }","}());",""],"l":{"26":2,"28":2,"33":2,"35":2,"37":2,"38":2,"39":2,"44":1,"51":2,"55":2,"59":2,"61":2,"69":1,"70":2,"76":2,"79":2,"82":2,"83":2,"85":1,"89":2,"92":1,"93":1,"94":1,"96":1,"97":1,"100":1,"101":1,"103":1,"106":1,"108":2,"114":1,"116":1,"118":1,"123":1,"124":2,"125":2,"126":3,"127":3,"128":3,"129":3,"130":1,"133":3,"134":3,"139":3,"143":1,"144":3,"145":1,"149":1,"150":1,"158":1,"160":1,"161":1,"162":1,"164":1,"166":1,"258":1,"259":1,"271":1,"274":6,"275":6,"277":1,"279":2,"281":1,"283":2,"288":1,"289":1,"291":1,"296":1,"303":1,"306":1,"307":1,"310":1,"311":1,"313":1,"314":1,"315":1,"316":1,"317":1,"318":1,"319":1,"321":1,"322":1,"324":1}},"/home/travis/build/npmtest/node-npmtest-generator-express/node_modules/generator-express/app/index.js":{"path":"/home/travis/build/npmtest/node-npmtest-generator-express/node_modules/generator-express/app/index.js","s":{"1":1,"2":1,"3":1,"4":1,"5":1,"6":1,"7":0,"8":0,"9":0,"10":0,"11":0,"12":0,"13":0,"14":0,"15":0,"16":0,"17":0,"18":0,"19":0,"20":0,"21":0,"22":0,"23":0,"24":0,"25":0,"26":0,"27":0,"28":0,"29":0,"30":0,"31":0,"32":0,"33":0,"34":0,"35":0,"36":0,"37":0,"38":0,"39":0,"40":0,"41":0,"42":0,"43":0,"44":0,"45":0,"46":0,"47":0,"48":0,"49":0,"50":0,"51":0,"52":0,"53":0,"54":0,"55":0,"56":0,"57":0,"58":0,"59":0,"60":0,"61":0,"62":0,"63":0,"64":0,"65":0,"66":0,"67":0,"68":0,"69":0,"70":0,"71":0,"72":0,"73":0,"74":0,"75":0,"76":0,"77":0,"78":0,"79":0,"80":0,"81":0,"82":0,"83":0,"84":0,"85":0,"86":0,"87":0,"88":0,"89":0,"90":0,"91":0,"92":0,"93":0},"b":{"1":[0,0],"2":[0,0],"3":[0,0],"4":[0,0],"5":[0,0],"6":[0,0],"7":[0,0],"8":[0,0],"9":[0,0],"10":[0,0],"11":[0,0],"12":[0,0],"13":[0,0],"14":[0,0],"15":[0,0],"16":[0,0],"17":[0,0],"18":[0,0],"19":[0,0],"20":[0,0],"21":[0,0],"22":[0,0],"23":[0,0],"24":[0,0,0],"25":[0,0],"26":[0,0],"27":[0,0]},"f":{"1":0,"2":0,"3":0,"4":0,"5":0,"6":0,"7":0,"8":0,"9":0,"10":0,"11":0,"12":0,"13":0,"14":0,"15":0,"16":0,"17":0,"18":0,"19":0},"fnMap":{"1":{"name":"(anonymous_1)","line":9,"loc":{"start":{"line":9,"column":15},"end":{"line":9,"column":27}}},"2":{"name":"(anonymous_2)","line":18,"loc":{"start":{"line":18,"column":9},"end":{"line":18,"column":21}}},"3":{"name":"(anonymous_3)","line":30,"loc":{"start":{"line":30,"column":38},"end":{"line":30,"column":58}}},"4":{"name":"(anonymous_4)","line":34,"loc":{"start":{"line":34,"column":13},"end":{"line":34,"column":25}}},"5":{"name":"(anonymous_5)","line":45,"loc":{"start":{"line":45,"column":38},"end":{"line":45,"column":58}}},"6":{"name":"(anonymous_6)","line":49,"loc":{"start":{"line":49,"column":10},"end":{"line":49,"column":22}}},"7":{"name":"(anonymous_7)","line":66,"loc":{"start":{"line":66,"column":38},"end":{"line":66,"column":59}}},"8":{"name":"(anonymous_8)","line":70,"loc":{"start":{"line":70,"column":16},"end":{"line":70,"column":28}}},"9":{"name":"(anonymous_9)","line":91,"loc":{"start":{"line":91,"column":38},"end":{"line":91,"column":58}}},"10":{"name":"(anonymous_10)","line":95,"loc":{"start":{"line":95,"column":21},"end":{"line":95,"column":33}}},"11":{"name":"(anonymous_11)","line":115,"loc":{"start":{"line":115,"column":38},"end":{"line":115,"column":58}}},"12":{"name":"(anonymous_12)","line":119,"loc":{"start":{"line":119,"column":14},"end":{"line":119,"column":26}}},"13":{"name":"(anonymous_13)","line":140,"loc":{"start":{"line":140,"column":38},"end":{"line":140,"column":58}}},"14":{"name":"(anonymous_14)","line":144,"loc":{"start":{"line":144,"column":15},"end":{"line":144,"column":27}}},"15":{"name":"(anonymous_15)","line":161,"loc":{"start":{"line":161,"column":38},"end":{"line":161,"column":58}}},"16":{"name":"(anonymous_16)","line":168,"loc":{"start":{"line":168,"column":14},"end":{"line":168,"column":26}}},"17":{"name":"(anonymous_17)","line":182,"loc":{"start":{"line":182,"column":54},"end":{"line":182,"column":70}}},"18":{"name":"(anonymous_18)","line":249,"loc":{"start":{"line":249,"column":16},"end":{"line":249,"column":28}}},"19":{"name":"(anonymous_19)","line":260,"loc":{"start":{"line":260,"column":11},"end":{"line":260,"column":23}}}},"statementMap":{"1":{"start":{"line":2,"column":0},"end":{"line":2,"column":27}},"2":{"start":{"line":3,"column":0},"end":{"line":3,"column":44}},"3":{"start":{"line":4,"column":0},"end":{"line":4,"column":27}},"4":{"start":{"line":5,"column":0},"end":{"line":5,"column":51}},"5":{"start":{"line":6,"column":0},"end":{"line":6,"column":31}},"6":{"start":{"line":8,"column":0},"end":{"line":263,"column":3}},"7":{"start":{"line":10,"column":4},"end":{"line":10,"column":37}},"8":{"start":{"line":13,"column":4},"end":{"line":13,"column":32}},"9":{"start":{"line":15,"column":4},"end":{"line":15,"column":27}},"10":{"start":{"line":20,"column":6},"end":{"line":22,"column":7}},"11":{"start":{"line":21,"column":8},"end":{"line":21,"column":20}},"12":{"start":{"line":24,"column":6},"end":{"line":28,"column":9}},"13":{"start":{"line":30,"column":6},"end":{"line":32,"column":20}},"14":{"start":{"line":31,"column":8},"end":{"line":31,"column":64}},"15":{"start":{"line":35,"column":6},"end":{"line":37,"column":7}},"16":{"start":{"line":36,"column":8},"end":{"line":36,"column":20}},"17":{"start":{"line":39,"column":6},"end":{"line":43,"column":9}},"18":{"start":{"line":45,"column":6},"end":{"line":47,"column":20}},"19":{"start":{"line":46,"column":8},"end":{"line":46,"column":48}},"20":{"start":{"line":51,"column":6},"end":{"line":53,"column":7}},"21":{"start":{"line":52,"column":8},"end":{"line":52,"column":20}},"22":{"start":{"line":55,"column":6},"end":{"line":64,"column":9}},"23":{"start":{"line":66,"column":6},"end":{"line":68,"column":20}},"24":{"start":{"line":67,"column":8},"end":{"line":67,"column":67}},"25":{"start":{"line":72,"column":6},"end":{"line":74,"column":7}},"26":{"start":{"line":73,"column":8},"end":{"line":73,"column":20}},"27":{"start":{"line":76,"column":6},"end":{"line":89,"column":9}},"28":{"start":{"line":91,"column":6},"end":{"line":93,"column":20}},"29":{"start":{"line":92,"column":8},"end":{"line":92,"column":68}},"30":{"start":{"line":97,"column":6},"end":{"line":99,"column":7}},"31":{"start":{"line":98,"column":8},"end":{"line":98,"column":20}},"32":{"start":{"line":101,"column":6},"end":{"line":113,"column":9}},"33":{"start":{"line":115,"column":6},"end":{"line":117,"column":20}},"34":{"start":{"line":116,"column":8},"end":{"line":116,"column":78}},"35":{"start":{"line":121,"column":6},"end":{"line":123,"column":7}},"36":{"start":{"line":122,"column":8},"end":{"line":122,"column":20}},"37":{"start":{"line":125,"column":6},"end":{"line":138,"column":9}},"38":{"start":{"line":140,"column":6},"end":{"line":142,"column":20}},"39":{"start":{"line":141,"column":8},"end":{"line":141,"column":64}},"40":{"start":{"line":146,"column":6},"end":{"line":148,"column":7}},"41":{"start":{"line":147,"column":8},"end":{"line":147,"column":20}},"42":{"start":{"line":150,"column":6},"end":{"line":159,"column":9}},"43":{"start":{"line":161,"column":6},"end":{"line":163,"column":20}},"44":{"start":{"line":162,"column":8},"end":{"line":162,"column":66}},"45":{"start":{"line":171,"column":6},"end":{"line":174,"column":7}},"46":{"start":{"line":172,"column":8},"end":{"line":172,"column":51}},"47":{"start":{"line":173,"column":8},"end":{"line":173,"column":44}},"48":{"start":{"line":176,"column":6},"end":{"line":176,"column":52}},"49":{"start":{"line":177,"column":6},"end":{"line":177,"column":56}},"50":{"start":{"line":178,"column":6},"end":{"line":178,"column":60}},"51":{"start":{"line":181,"column":6},"end":{"line":181,"column":67}},"52":{"start":{"line":182,"column":6},"end":{"line":184,"column":15}},"53":{"start":{"line":183,"column":8},"end":{"line":183,"column":101}},"54":{"start":{"line":188,"column":6},"end":{"line":188,"column":75}},"55":{"start":{"line":189,"column":6},"end":{"line":189,"column":79}},"56":{"start":{"line":192,"column":6},"end":{"line":197,"column":8}},"57":{"start":{"line":198,"column":6},"end":{"line":201,"column":7}},"58":{"start":{"line":199,"column":8},"end":{"line":199,"column":71}},"59":{"start":{"line":200,"column":8},"end":{"line":200,"column":84}},"60":{"start":{"line":204,"column":6},"end":{"line":204,"column":72}},"61":{"start":{"line":205,"column":6},"end":{"line":205,"column":79}},"62":{"start":{"line":208,"column":6},"end":{"line":208,"column":42}},"63":{"start":{"line":209,"column":6},"end":{"line":209,"column":73}},"64":{"start":{"line":210,"column":6},"end":{"line":222,"column":7}},"65":{"start":{"line":211,"column":8},"end":{"line":215,"column":9}},"66":{"start":{"line":212,"column":10},"end":{"line":212,"column":82}},"67":{"start":{"line":214,"column":10},"end":{"line":214,"column":91}},"68":{"start":{"line":217,"column":8},"end":{"line":221,"column":9}},"69":{"start":{"line":218,"column":10},"end":{"line":218,"column":78}},"70":{"start":{"line":220,"column":10},"end":{"line":220,"column":87}},"71":{"start":{"line":225,"column":6},"end":{"line":225,"column":53}},"72":{"start":{"line":226,"column":6},"end":{"line":226,"column":53}},"73":{"start":{"line":226,"column":33},"end":{"line":226,"column":53}},"74":{"start":{"line":227,"column":6},"end":{"line":227,"column":59}},"75":{"start":{"line":227,"column":38},"end":{"line":227,"column":59}},"76":{"start":{"line":228,"column":6},"end":{"line":228,"column":77}},"77":{"start":{"line":229,"column":6},"end":{"line":229,"column":88}},"78":{"start":{"line":232,"column":6},"end":{"line":232,"column":90}},"79":{"start":{"line":233,"column":6},"end":{"line":233,"column":154}},"80":{"start":{"line":236,"column":6},"end":{"line":240,"column":7}},"81":{"start":{"line":239,"column":8},"end":{"line":239,"column":210}},"82":{"start":{"line":243,"column":6},"end":{"line":246,"column":7}},"83":{"start":{"line":244,"column":8},"end":{"line":244,"column":207}},"84":{"start":{"line":245,"column":8},"end":{"line":245,"column":199}},"85":{"start":{"line":250,"column":6},"end":{"line":250,"column":28}},"86":{"start":{"line":251,"column":6},"end":{"line":251,"column":39}},"87":{"start":{"line":252,"column":6},"end":{"line":252,"column":31}},"88":{"start":{"line":253,"column":6},"end":{"line":253,"column":32}},"89":{"start":{"line":254,"column":6},"end":{"line":254,"column":32}},"90":{"start":{"line":255,"column":6},"end":{"line":257,"column":7}},"91":{"start":{"line":256,"column":8},"end":{"line":256,"column":28}},"92":{"start":{"line":261,"column":4},"end":{"line":261,"column":66}},"93":{"start":{"line":261,"column":39},"end":{"line":261,"column":66}}},"branchMap":{"1":{"line":20,"type":"if","locations":[{"start":{"line":20,"column":6},"end":{"line":20,"column":6}},{"start":{"line":20,"column":6},"end":{"line":20,"column":6}}]},"2":{"line":35,"type":"if","locations":[{"start":{"line":35,"column":6},"end":{"line":35,"column":6}},{"start":{"line":35,"column":6},"end":{"line":35,"column":6}}]},"3":{"line":35,"type":"binary-expr","locations":[{"start":{"line":35,"column":10},"end":{"line":35,"column":39}},{"start":{"line":35,"column":43},"end":{"line":35,"column":63}}]},"4":{"line":51,"type":"if","locations":[{"start":{"line":51,"column":6},"end":{"line":51,"column":6}},{"start":{"line":51,"column":6},"end":{"line":51,"column":6}}]},"5":{"line":51,"type":"binary-expr","locations":[{"start":{"line":51,"column":10},"end":{"line":51,"column":26}},{"start":{"line":51,"column":30},"end":{"line":51,"column":48}}]},"6":{"line":72,"type":"if","locations":[{"start":{"line":72,"column":6},"end":{"line":72,"column":6}},{"start":{"line":72,"column":6},"end":{"line":72,"column":6}}]},"7":{"line":97,"type":"if","locations":[{"start":{"line":97,"column":6},"end":{"line":97,"column":6}},{"start":{"line":97,"column":6},"end":{"line":97,"column":6}}]},"8":{"line":121,"type":"if","locations":[{"start":{"line":121,"column":6},"end":{"line":121,"column":6}},{"start":{"line":121,"column":6},"end":{"line":121,"column":6}}]},"9":{"line":121,"type":"binary-expr","locations":[{"start":{"line":121,"column":10},"end":{"line":121,"column":31}},{"start":{"line":121,"column":35},"end":{"line":121,"column":52}}]},"10":{"line":146,"type":"if","locations":[{"start":{"line":146,"column":6},"end":{"line":146,"column":6}},{"start":{"line":146,"column":6},"end":{"line":146,"column":6}}]},"11":{"line":171,"type":"if","locations":[{"start":{"line":171,"column":6},"end":{"line":171,"column":6}},{"start":{"line":171,"column":6},"end":{"line":171,"column":6}}]},"12":{"line":176,"type":"cond-expr","locations":[{"start":{"line":176,"column":36},"end":{"line":176,"column":41}},{"start":{"line":176,"column":44},"end":{"line":176,"column":51}}]},"13":{"line":177,"type":"cond-expr","locations":[{"start":{"line":177,"column":41},"end":{"line":177,"column":50}},{"start":{"line":177,"column":53},"end":{"line":177,"column":55}}]},"14":{"line":178,"type":"cond-expr","locations":[{"start":{"line":178,"column":44},"end":{"line":178,"column":52}},{"start":{"line":178,"column":55},"end":{"line":178,"column":59}}]},"15":{"line":198,"type":"if","locations":[{"start":{"line":198,"column":6},"end":{"line":198,"column":6}},{"start":{"line":198,"column":6},"end":{"line":198,"column":6}}]},"16":{"line":198,"type":"binary-expr","locations":[{"start":{"line":198,"column":10},"end":{"line":198,"column":26}},{"start":{"line":198,"column":30},"end":{"line":198,"column":77}}]},"17":{"line":210,"type":"if","locations":[{"start":{"line":210,"column":6},"end":{"line":210,"column":6}},{"start":{"line":210,"column":6},"end":{"line":210,"column":6}}]},"18":{"line":211,"type":"if","locations":[{"start":{"line":211,"column":8},"end":{"line":211,"column":8}},{"start":{"line":211,"column":8},"end":{"line":211,"column":8}}]},"19":{"line":217,"type":"if","locations":[{"start":{"line":217,"column":8},"end":{"line":217,"column":8}},{"start":{"line":217,"column":8},"end":{"line":217,"column":8}}]},"20":{"line":226,"type":"if","locations":[{"start":{"line":226,"column":6},"end":{"line":226,"column":6}},{"start":{"line":226,"column":6},"end":{"line":226,"column":6}}]},"21":{"line":227,"type":"if","locations":[{"start":{"line":227,"column":6},"end":{"line":227,"column":6}},{"start":{"line":227,"column":6},"end":{"line":227,"column":6}}]},"22":{"line":232,"type":"cond-expr","locations":[{"start":{"line":232,"column":59},"end":{"line":232,"column":73}},{"start":{"line":232,"column":76},"end":{"line":232,"column":89}}]},"23":{"line":236,"type":"if","locations":[{"start":{"line":236,"column":6},"end":{"line":236,"column":6}},{"start":{"line":236,"column":6},"end":{"line":236,"column":6}}]},"24":{"line":236,"type":"binary-expr","locations":[{"start":{"line":236,"column":10},"end":{"line":236,"column":43}},{"start":{"line":237,"column":10},"end":{"line":237,"column":48}},{"start":{"line":238,"column":10},"end":{"line":238,"column":44}}]},"25":{"line":243,"type":"if","locations":[{"start":{"line":243,"column":6},"end":{"line":243,"column":6}},{"start":{"line":243,"column":6},"end":{"line":243,"column":6}}]},"26":{"line":255,"type":"if","locations":[{"start":{"line":255,"column":6},"end":{"line":255,"column":6}},{"start":{"line":255,"column":6},"end":{"line":255,"column":6}}]},"27":{"line":261,"type":"if","locations":[{"start":{"line":261,"column":4},"end":{"line":261,"column":4}},{"start":{"line":261,"column":4},"end":{"line":261,"column":4}}]}},"code":["'use strict';","var path = require('path');","var Generator = require('yeoman-generator');","var glob = require('glob');","var slugify = require('underscore.string/slugify');","var mkdirp = require('mkdirp');","","module.exports = Generator.extend({","  constructor: function () {","    Generator.apply(this, arguments);","","    // add option to skip install","    this.option('skip-install');","","    this.slugify = slugify;","  },","  prompting: {","    dir: function () {","","      if (this.options.createDirectory !== undefined) {","        return true;","      }","","      var prompt = [{","        type: 'confirm',","        name: 'createDirectory',","        message: 'Would you like to create a new directory for your project?'","      }];","","      return this.prompt(prompt).then(function (response) {","        this.options.createDirectory = response.createDirectory;","      }.bind(this));","    },","    dirname: function () {","      if (!this.options.createDirectory || this.options.dirname) {","        return true;","      }","","      var prompt = [{","        type: 'input',","        name: 'dirname',","        message: 'Enter directory name'","      }];","","      return this.prompt(prompt).then(function (response) {","        this.options.dirname = response.dirname;","      }.bind(this));","    },","    type: function () {","      // Short circuit if an option was explicitly specified","      if (this.options.mvc || this.options.basic) {","        return true;","      }","","      var prompt = [{","        type: 'list',","        name: 'type',","        message: 'Select a version to install:',","        choices: [","          'Basic',","          'MVC'","        ],","        store: true","      }];","","      return this.prompt(prompt).then(function (responses) {","        this.options.mvc = responses.type.match(/^MVC$/i) !== null;","      }.bind(this));","    },","    viewEngine: function () {","","      if (this.options.viewEngine) {","        return true;","      }","","      var prompt = [{","        type: 'list',","        name: 'viewEngine',","        message: 'Select a view engine to use:',","        choices: [","          'Jade',","          'Swig',","          'EJS',","          'Handlebars',","          'Marko',","          'Nunjucks'","        ],","        store: true","      }];","","      return this.prompt(prompt).then(function (response) {","        this.options.viewEngine = response.viewEngine.toLowerCase();","      }.bind(this));","    },","    cssPreprocessor: function () {","","      if (this.options.cssPreprocessor) {","        return true;","      }","","      var prompt = [{","        type: 'list',","        name: 'cssPreprocessor',","        message: 'Select a css preprocessor to use (Sass Requires Ruby):' ,","        choices: [","          'None',","          'Node-Sass',","          'Sass',","          'less',","          'Stylus'","        ],","        store: true","      }];","","      return this.prompt(prompt).then(function (response) {","        this.options.cssPreprocessor = response.cssPreprocessor.toLowerCase();","      }.bind(this));","    },","    database: function () {","","      if (this.options.database || !this.options.mvc) {","        return true;","      }","","      var prompt = [{","        type: 'list',","        name: 'database',","        message: 'Select a database to use:',","        choices: [","          'None',","          'MongoDB',","          'MySQL',","          'PostgreSQL',","          'RethinkDB',","          'SQLite'","        ],","        store: true","      }];","","      return this.prompt(prompt).then(function (response) {","        this.options.database = response.database.toLowerCase();","      }.bind(this));","    },","    buildTool: function () {","","      if (this.options.buildTool) {","        return true;","      }","","      var prompt = [{","        type: 'list',","        name: 'buildTool',","        message: 'Select a build tool to use:',","        choices: [","          'Grunt',","          'Gulp'","        ],","        store: true","      }];","","      return this.prompt(prompt).then(function (response) {","        this.options.buildTool = response.buildTool.toLowerCase();","      }.bind(this));","","    }","  },","  writing: {","    buildEnv: function () {","","      // create directory","      if(this.options.createDirectory){","        this.destinationRoot(this.options.dirname);","        this.appname = this.options.dirname;","      }","","      var name = this.options.mvc ? 'mvc' : 'basic';","      var suffix = this.options.coffee ? '-coffee' : '';","      this.filetype = this.options.coffee ? 'coffee' : 'js';","","      // shared across all generators","      this.sourceRoot(path.join(__dirname, 'templates', 'shared'));","      glob.sync('**', { cwd: this.sourceRoot() }).map(function (file) {","        this.fs.copyTpl(this.templatePath(file), this.destinationPath(file.replace(/^_/, '')), this);","      }, this);","","","      // shared for mvc/basic generators","      this.sourceRoot(path.join(__dirname, 'templates', name + '-shared'));","      this.fs.copyTpl(this.templatePath('.'), this.destinationPath('.'), this);","","      // mvc tests","      var supported = [","        'mysql',","        'postgresql',","        'rethinkdb',","        'sqlite'","      ];","      if (this.options.mvc && supported.indexOf(this.options.database) !== -1) {","        this.sourceRoot(path.join(__dirname, 'templates', 'mvc-test'));","        this.fs.copyTpl(this.templatePath('.'), this.destinationPath('test'), this);","      }","","      // templates","      this.sourceRoot(path.join(__dirname, 'templates', name + suffix));","      this.fs.copyTpl(this.templatePath('.'), this.destinationPath('.'), this);","","      // views","      var views = this.options.viewEngine;","      this.sourceRoot(path.join(__dirname, 'templates', 'views', views));","      if (this.options.mvc) {","        if (this.options.viewEngine == 'ejs') {","          this.fs.copy(this.templatePath('.'), this.destinationPath('app/views'));","        } else {","          this.fs.copyTpl(this.templatePath('.'), this.destinationPath('app/views'), this);","        }","      } else {","        if (this.options.viewEngine == 'ejs') {","          this.fs.copy(this.templatePath('.'), this.destinationPath('views'));","        } else {","          this.fs.copyTpl(this.templatePath('.'), this.destinationPath('views'), this);","        }","      }","","      // css","      var stylesheets = this.options.cssPreprocessor;","      if(stylesheets === 'none') stylesheets = 'css';","      if(stylesheets === 'node-sass') stylesheets = 'sass';","      this.sourceRoot(path.join(__dirname, 'templates', 'css', stylesheets));","      this.fs.copyTpl(this.templatePath('.'), this.destinationPath('public/css'), this);","","      // grunt/gulp","      var buildFile = this.options.buildTool === 'grunt' ? 'Gruntfile.js' : 'gulpfile.js';","      this.fs.copyTpl(this.templatePath(path.join(__dirname, 'templates', 'extras', name + '-shared', buildFile)), this.destinationPath(buildFile), this);","","      // sequelize extra stuff","      if (this.options.database === 'mysql' ||","          this.options.database === 'postgresql' ||","          this.options.database === 'sqlite') {","        this.fs.copyTpl(this.templatePath(path.join(__dirname, 'templates', 'extras', name + suffix, 'sequelize-model-index.' + this.filetype)), this.destinationPath('app/models/index.' + this.filetype), this);","      }","","      //thinky extra stuff","      if (this.options.database === 'rethinkdb') {","        this.fs.copyTpl(this.templatePath(path.join(__dirname, 'templates', 'extras', name + suffix, 'thinky-model-index.' + this.filetype)), this.destinationPath('app/models/index.' + this.filetype), this);","        this.fs.copyTpl(this.templatePath(path.join(__dirname, 'templates', 'extras', name + suffix, 'thinky-config.' + this.filetype)), this.destinationPath('config/thinky.' + this.filetype), this);","      }","","    },","    assetsDirs: function () {","      mkdirp.sync('public');","      mkdirp.sync('public/components');","      mkdirp.sync('public/js');","      mkdirp.sync('public/css');","      mkdirp.sync('public/img');","      if (this.options.database == 'sqlite') {","        mkdirp.sync('data');","      }","    }","  },","  install: function () {","    if (!this.options['skip-install']) this.installDependencies();","  }","});",""],"l":{"2":1,"3":1,"4":1,"5":1,"6":1,"8":1,"10":0,"13":0,"15":0,"20":0,"21":0,"24":0,"30":0,"31":0,"35":0,"36":0,"39":0,"45":0,"46":0,"51":0,"52":0,"55":0,"66":0,"67":0,"72":0,"73":0,"76":0,"91":0,"92":0,"97":0,"98":0,"101":0,"115":0,"116":0,"121":0,"122":0,"125":0,"140":0,"141":0,"146":0,"147":0,"150":0,"161":0,"162":0,"171":0,"172":0,"173":0,"176":0,"177":0,"178":0,"181":0,"182":0,"183":0,"188":0,"189":0,"192":0,"198":0,"199":0,"200":0,"204":0,"205":0,"208":0,"209":0,"210":0,"211":0,"212":0,"214":0,"217":0,"218":0,"220":0,"225":0,"226":0,"227":0,"228":0,"229":0,"232":0,"233":0,"236":0,"239":0,"243":0,"244":0,"245":0,"250":0,"251":0,"252":0,"253":0,"254":0,"255":0,"256":0,"261":0}},"/home/travis/build/npmtest/node-npmtest-generator-express/node_modules/generator-express/temp/two/app.js":{"path":"/home/travis/build/npmtest/node-npmtest-generator-express/node_modules/generator-express/temp/two/app.js","s":{"1":2,"2":0,"3":0,"4":0,"5":0,"6":0,"7":0,"8":0},"b":{"1":[0,0]},"f":{"1":0,"2":0,"3":0},"fnMap":{"1":{"name":"(anonymous_1)","line":13,"loc":{"start":{"line":13,"column":8},"end":{"line":13,"column":20}}},"2":{"name":"(anonymous_2)","line":15,"loc":{"start":{"line":15,"column":30},"end":{"line":15,"column":42}}},"3":{"name":"(anonymous_3)","line":19,"loc":{"start":{"line":19,"column":11},"end":{"line":19,"column":24}}}},"statementMap":{"1":{"start":{"line":3,"column":0},"end":{"line":5,"column":31}},"2":{"start":{"line":7,"column":0},"end":{"line":7,"column":20}},"3":{"start":{"line":9,"column":0},"end":{"line":9,"column":58}},"4":{"start":{"line":11,"column":0},"end":{"line":21,"column":5}},"5":{"start":{"line":14,"column":4},"end":{"line":18,"column":5}},"6":{"start":{"line":15,"column":6},"end":{"line":17,"column":9}},"7":{"start":{"line":16,"column":8},"end":{"line":16,"column":71}},"8":{"start":{"line":20,"column":4},"end":{"line":20,"column":23}}},"branchMap":{"1":{"line":14,"type":"if","locations":[{"start":{"line":14,"column":4},"end":{"line":14,"column":4}},{"start":{"line":14,"column":4},"end":{"line":14,"column":4}}]}},"code":["","","var express = require('express'),","  config = require('./config/config'),","  db = require('./app/models');","","var app = express();","","module.exports = require('./config/express')(app, config);","","db.sequelize","  .sync()","  .then(function () {","    if (!module.parent) {","      app.listen(config.port, function () {","        console.log('Express server listening on port ' + config.port);","      });","    }","  }).catch(function (e) {","    throw new Error(e);","  });","",""],"l":{"3":2,"7":0,"9":0,"11":0,"14":0,"15":0,"16":0,"20":0}},"/home/travis/build/npmtest/node-npmtest-generator-express/node_modules/generator-express/temp/two/gulpfile.js":{"path":"/home/travis/build/npmtest/node-npmtest-generator-express/node_modules/generator-express/temp/two/gulpfile.js","s":{"1":2,"2":0,"3":0,"4":0,"5":0,"6":0,"7":0,"8":0,"9":0,"10":0},"b":{"1":[0,0]},"f":{"1":0,"2":0,"3":0},"fnMap":{"1":{"name":"(anonymous_1)","line":7,"loc":{"start":{"line":7,"column":21},"end":{"line":7,"column":33}}},"2":{"name":"(anonymous_2)","line":13,"loc":{"start":{"line":13,"column":20},"end":{"line":13,"column":32}}},"3":{"name":"(anonymous_3)","line":14,"loc":{"start":{"line":14,"column":27},"end":{"line":14,"column":44}}}},"statementMap":{"1":{"start":{"line":1,"column":0},"end":{"line":4,"column":42}},"2":{"start":{"line":7,"column":0},"end":{"line":22,"column":3}},"3":{"start":{"line":8,"column":2},"end":{"line":8,"column":22}},"4":{"start":{"line":9,"column":2},"end":{"line":21,"column":5}},"5":{"start":{"line":14,"column":4},"end":{"line":18,"column":7}},"6":{"start":{"line":15,"column":6},"end":{"line":17,"column":7}},"7":{"start":{"line":16,"column":8},"end":{"line":16,"column":38}},"8":{"start":{"line":19,"column":4},"end":{"line":19,"column":37}},"9":{"start":{"line":20,"column":4},"end":{"line":20,"column":37}},"10":{"start":{"line":24,"column":0},"end":{"line":26,"column":3}}},"branchMap":{"1":{"line":15,"type":"if","locations":[{"start":{"line":15,"column":6},"end":{"line":15,"column":6}},{"start":{"line":15,"column":6},"end":{"line":15,"column":6}}]}},"code":["var gulp = require('gulp'),","  nodemon = require('gulp-nodemon'),","  plumber = require('gulp-plumber'),","  livereload = require('gulp-livereload');","","","gulp.task('develop', function () {","  livereload.listen();","  nodemon({","    script: 'app.js',","    ext: 'js coffee handlebars',","    stdout: false","  }).on('readable', function () {","    this.stdout.on('data', function (chunk) {","      if(/^Express server listening on port/.test(chunk)){","        livereload.changed(__dirname);","      }","    });","    this.stdout.pipe(process.stdout);","    this.stderr.pipe(process.stderr);","  });","});","","gulp.task('default', [","  'develop'","]);",""],"l":{"1":2,"7":0,"8":0,"9":0,"14":0,"15":0,"16":0,"19":0,"20":0,"24":0}},"/home/travis/build/npmtest/node-npmtest-generator-express/node_modules/generator-express/temp/two/config/config.js":{"path":"/home/travis/build/npmtest/node-npmtest-generator-express/node_modules/generator-express/temp/two/config/config.js","s":{"1":1,"2":1,"3":1},"b":{"1":[1,0],"2":[1,0],"3":[1,0],"4":[1,0]},"f":{},"fnMap":{},"statementMap":{"1":{"start":{"line":1,"column":0},"end":{"line":3,"column":48}},"2":{"start":{"line":5,"column":0},"end":{"line":35,"column":2}},"3":{"start":{"line":37,"column":0},"end":{"line":37,"column":29}}},"branchMap":{"1":{"line":3,"type":"binary-expr","locations":[{"start":{"line":3,"column":10},"end":{"line":3,"column":30}},{"start":{"line":3,"column":34},"end":{"line":3,"column":47}}]},"2":{"line":11,"type":"binary-expr","locations":[{"start":{"line":11,"column":10},"end":{"line":11,"column":26}},{"start":{"line":11,"column":30},"end":{"line":11,"column":34}}]},"3":{"line":21,"type":"binary-expr","locations":[{"start":{"line":21,"column":10},"end":{"line":21,"column":26}},{"start":{"line":21,"column":30},"end":{"line":21,"column":34}}]},"4":{"line":31,"type":"binary-expr","locations":[{"start":{"line":31,"column":10},"end":{"line":31,"column":26}},{"start":{"line":31,"column":30},"end":{"line":31,"column":34}}]}},"code":["var path = require('path'),","    rootPath = path.normalize(__dirname + '/..'),","    env = process.env.NODE_ENV || 'development';","","var config = {","  development: {","    root: rootPath,","    app: {","      name: 'two'","    },","    port: process.env.PORT || 3000,","    db: 'sqlite://localhost/two-development',","    storage: rootPath + '/data/two-development'","  },","","  test: {","    root: rootPath,","    app: {","      name: 'two'","    },","    port: process.env.PORT || 3000,","    db: 'sqlite://localhost/two-test',","    storage: rootPath + '/data/two-test'","  },","","  production: {","    root: rootPath,","    app: {","      name: 'two'","    },","    port: process.env.PORT || 3000,","    db: 'sqlite://localhost/two-production',","    storage: rootPath + 'data/two-production'","  }","};","","module.exports = config[env];",""],"l":{"1":1,"5":1,"37":1}},"/home/travis/build/npmtest/node-npmtest-generator-express/node_modules/generator-express/temp/two/config/express.js":{"path":"/home/travis/build/npmtest/node-npmtest-generator-express/node_modules/generator-express/temp/two/config/express.js","s":{"1":2,"2":0,"3":0,"4":0,"5":0,"6":0,"7":0,"8":0,"9":0,"10":0,"11":0,"12":0,"13":0,"14":0,"15":0,"16":0,"17":0,"18":0,"19":0,"20":0,"21":0,"22":0,"23":0,"24":0,"25":0,"26":0,"27":0,"28":0,"29":0,"30":0,"31":0,"32":0,"33":0,"34":0,"35":0,"36":0,"37":0,"38":0},"b":{"1":[0,0],"2":[0,0],"3":[0,0],"4":[0,0]},"f":{"1":0,"2":0,"3":0,"4":0,"5":0},"fnMap":{"1":{"name":"(anonymous_1)","line":12,"loc":{"start":{"line":12,"column":17},"end":{"line":12,"column":39}}},"2":{"name":"(anonymous_2)","line":37,"loc":{"start":{"line":37,"column":22},"end":{"line":37,"column":44}}},"3":{"name":"(anonymous_3)","line":41,"loc":{"start":{"line":41,"column":10},"end":{"line":41,"column":36}}},"4":{"name":"(anonymous_4)","line":48,"loc":{"start":{"line":48,"column":12},"end":{"line":48,"column":43}}},"5":{"name":"(anonymous_5)","line":58,"loc":{"start":{"line":58,"column":10},"end":{"line":58,"column":41}}}},"statementMap":{"1":{"start":{"line":1,"column":0},"end":{"line":1,"column":33}},"2":{"start":{"line":2,"column":0},"end":{"line":2,"column":27}},"3":{"start":{"line":4,"column":0},"end":{"line":4,"column":39}},"4":{"start":{"line":5,"column":0},"end":{"line":5,"column":31}},"5":{"start":{"line":6,"column":0},"end":{"line":6,"column":44}},"6":{"start":{"line":7,"column":0},"end":{"line":7,"column":40}},"7":{"start":{"line":8,"column":0},"end":{"line":8,"column":38}},"8":{"start":{"line":9,"column":0},"end":{"line":9,"column":48}},"9":{"start":{"line":10,"column":0},"end":{"line":10,"column":44}},"10":{"start":{"line":12,"column":0},"end":{"line":68,"column":2}},"11":{"start":{"line":13,"column":2},"end":{"line":13,"column":50}},"12":{"start":{"line":14,"column":2},"end":{"line":14,"column":23}},"13":{"start":{"line":15,"column":2},"end":{"line":15,"column":52}},"14":{"start":{"line":17,"column":2},"end":{"line":21,"column":6}},"15":{"start":{"line":22,"column":2},"end":{"line":22,"column":47}},"16":{"start":{"line":23,"column":2},"end":{"line":23,"column":39}},"17":{"start":{"line":26,"column":2},"end":{"line":26,"column":25}},"18":{"start":{"line":27,"column":2},"end":{"line":27,"column":29}},"19":{"start":{"line":28,"column":2},"end":{"line":30,"column":6}},"20":{"start":{"line":31,"column":2},"end":{"line":31,"column":26}},"21":{"start":{"line":32,"column":2},"end":{"line":32,"column":22}},"22":{"start":{"line":33,"column":2},"end":{"line":33,"column":51}},"23":{"start":{"line":34,"column":2},"end":{"line":34,"column":28}},"24":{"start":{"line":36,"column":2},"end":{"line":36,"column":69}},"25":{"start":{"line":37,"column":2},"end":{"line":39,"column":5}},"26":{"start":{"line":38,"column":4},"end":{"line":38,"column":29}},"27":{"start":{"line":41,"column":2},"end":{"line":45,"column":5}},"28":{"start":{"line":42,"column":4},"end":{"line":42,"column":37}},"29":{"start":{"line":43,"column":4},"end":{"line":43,"column":21}},"30":{"start":{"line":44,"column":4},"end":{"line":44,"column":14}},"31":{"start":{"line":47,"column":2},"end":{"line":56,"column":3}},"32":{"start":{"line":48,"column":4},"end":{"line":55,"column":7}},"33":{"start":{"line":49,"column":6},"end":{"line":49,"column":36}},"34":{"start":{"line":50,"column":6},"end":{"line":54,"column":9}},"35":{"start":{"line":58,"column":2},"end":{"line":65,"column":5}},"36":{"start":{"line":59,"column":4},"end":{"line":59,"column":34}},"37":{"start":{"line":60,"column":6},"end":{"line":64,"column":9}},"38":{"start":{"line":67,"column":2},"end":{"line":67,"column":13}}},"branchMap":{"1":{"line":13,"type":"binary-expr","locations":[{"start":{"line":13,"column":12},"end":{"line":13,"column":32}},{"start":{"line":13,"column":36},"end":{"line":13,"column":49}}]},"2":{"line":47,"type":"if","locations":[{"start":{"line":47,"column":2},"end":{"line":47,"column":2}},{"start":{"line":47,"column":2},"end":{"line":47,"column":2}}]},"3":{"line":49,"type":"binary-expr","locations":[{"start":{"line":49,"column":17},"end":{"line":49,"column":27}},{"start":{"line":49,"column":31},"end":{"line":49,"column":34}}]},"4":{"line":59,"type":"binary-expr","locations":[{"start":{"line":59,"column":15},"end":{"line":59,"column":25}},{"start":{"line":59,"column":29},"end":{"line":59,"column":32}}]}},"code":["var express = require('express');","var glob = require('glob');","","var favicon = require('serve-favicon');","var logger = require('morgan');","var cookieParser = require('cookie-parser');","var bodyParser = require('body-parser');","var compress = require('compression');","var methodOverride = require('method-override');","var exphbs  = require('express-handlebars');","","module.exports = function(app, config) {","  var env = process.env.NODE_ENV || 'development';","  app.locals.ENV = env;","  app.locals.ENV_DEVELOPMENT = env == 'development';","  ","  app.engine('handlebars', exphbs({","    layoutsDir: config.root + '/app/views/layouts/',","    defaultLayout: 'main',","    partialsDir: [config.root + '/app/views/partials/']","  }));","  app.set('views', config.root + '/app/views');","  app.set('view engine', 'handlebars');","","  // app.use(favicon(config.root + '/public/img/favicon.ico'));","  app.use(logger('dev'));","  app.use(bodyParser.json());","  app.use(bodyParser.urlencoded({","    extended: true","  }));","  app.use(cookieParser());","  app.use(compress());","  app.use(express.static(config.root + '/public'));","  app.use(methodOverride());","","  var controllers = glob.sync(config.root + '/app/controllers/*.js');","  controllers.forEach(function (controller) {","    require(controller)(app);","  });","","  app.use(function (req, res, next) {","    var err = new Error('Not Found');","    err.status = 404;","    next(err);","  });","  ","  if(app.get('env') === 'development'){","    app.use(function (err, req, res, next) {","      res.status(err.status || 500);","      res.render('error', {","        message: err.message,","        error: err,","        title: 'error'","      });","    });","  }","","  app.use(function (err, req, res, next) {","    res.status(err.status || 500);","      res.render('error', {","        message: err.message,","        error: {},","        title: 'error'","      });","  });","","  return app;","};",""],"l":{"1":2,"2":0,"4":0,"5":0,"6":0,"7":0,"8":0,"9":0,"10":0,"12":0,"13":0,"14":0,"15":0,"17":0,"22":0,"23":0,"26":0,"27":0,"28":0,"31":0,"32":0,"33":0,"34":0,"36":0,"37":0,"38":0,"41":0,"42":0,"43":0,"44":0,"47":0,"48":0,"49":0,"50":0,"58":0,"59":0,"60":0,"67":0}}}